[2022-10-28 03:57:14 PM] INFO -- : ## No existe path ../data/sucursales/posadas-27.36708_sucursales.csv
[2022-10-28 03:57:14 PM] INFO -- : ## No existe path ../data/sucursales/san_salvador_de_jujuy_sucursales.csv
[2022-10-28 03:57:14 PM] INFO -- : ## No existe path ../data/sucursales/bahía_blanca_sucursales.csv
[2022-10-28 03:57:14 PM] INFO -- : ## No existe path ../data/sucursales/paraná_sucursales.csv
[2022-10-28 03:57:14 PM] INFO -- : ## No existe path ../data/sucursales/merlo_sucursales.csv
[2022-10-28 03:57:14 PM] INFO -- : ## No existe path ../data/sucursales/josé_c._paz_sucursales.csv
[2022-10-28 03:57:14 PM] INFO -- : ## No existe path ../data/sucursales/quilmes_sucursales.csv
[2022-10-28 03:57:14 PM] INFO -- : ## No existe path ../data/sucursales/pilar_sucursales.csv
[2022-10-28 03:58:49 PM] INFO -- : ## No existe path ../data/sucursales/posadas-27.36708_sucursales.csv
[2022-10-28 03:58:49 PM] INFO -- : ## No existe path ../data/sucursales/san_salvador_de_jujuy_sucursales.csv
[2022-10-28 03:58:49 PM] INFO -- : ## No existe path ../data/sucursales/bahía_blanca_sucursales.csv
[2022-10-28 03:58:49 PM] INFO -- : ## No existe path ../data/sucursales/paraná_sucursales.csv
[2022-10-28 03:58:49 PM] INFO -- : ## No existe path ../data/sucursales/merlo_sucursales.csv
[2022-10-28 03:58:49 PM] INFO -- : ## No existe path ../data/sucursales/josé_c._paz_sucursales.csv
[2022-10-28 03:58:49 PM] INFO -- : ## No existe path ../data/sucursales/quilmes_sucursales.csv
[2022-10-28 03:58:49 PM] INFO -- : ## No existe path ../data/sucursales/pilar_sucursales.csv
[2022-10-28 03:59:33 PM] INFO -- : ## No existe path ../data/sucursales/posadas-27.36708_sucursales.csv
[2022-10-28 03:59:33 PM] INFO -- : ## No existe path ../data/sucursales/san_salvador_de_jujuy_sucursales.csv
[2022-10-28 03:59:33 PM] INFO -- : ## No existe path ../data/sucursales/bahía_blanca_sucursales.csv
[2022-10-28 03:59:33 PM] INFO -- : ## No existe path ../data/sucursales/paraná_sucursales.csv
[2022-10-28 03:59:33 PM] INFO -- : ## No existe path ../data/sucursales/merlo_sucursales.csv
[2022-10-28 03:59:33 PM] INFO -- : ## No existe path ../data/sucursales/josé_c._paz_sucursales.csv
[2022-10-28 03:59:33 PM] INFO -- : ## No existe path ../data/sucursales/quilmes_sucursales.csv
[2022-10-28 03:59:33 PM] INFO -- : ## No existe path ../data/sucursales/pilar_sucursales.csv
[2022-10-28 04:00:14 PM] INFO -- : ## No existe path ../data/sucursales/posadas-27.36708_sucursales.csv
[2022-10-28 04:00:14 PM] INFO -- : ## No existe path ../data/sucursales/san_salvador_de_jujuy_sucursales.csv
[2022-10-28 04:00:14 PM] INFO -- : ## No existe path ../data/sucursales/bahía_blanca_sucursales.csv
[2022-10-28 04:00:14 PM] INFO -- : ## No existe path ../data/sucursales/paraná_sucursales.csv
[2022-10-28 04:00:14 PM] INFO -- : ## No existe path ../data/sucursales/merlo_sucursales.csv
[2022-10-28 04:00:14 PM] INFO -- : ## No existe path ../data/sucursales/josé_c._paz_sucursales.csv
[2022-10-28 04:00:14 PM] INFO -- : ## No existe path ../data/sucursales/quilmes_sucursales.csv
[2022-10-28 04:00:14 PM] INFO -- : ## No existe path ../data/sucursales/pilar_sucursales.csv
[2022-10-28 04:00:44 PM] INFO -- : ## No existe path ../data/sucursales/posadas-27.36708_sucursales.csv
[2022-10-28 04:00:44 PM] INFO -- : ## No existe path ../data/sucursales/san_salvador_de_jujuy_sucursales.csv
[2022-10-28 04:00:44 PM] INFO -- : ## No existe path ../data/sucursales/bahía_blanca_sucursales.csv
[2022-10-28 04:00:44 PM] INFO -- : ## No existe path ../data/sucursales/paraná_sucursales.csv
[2022-10-28 04:00:44 PM] INFO -- : ## No existe path ../data/sucursales/merlo_sucursales.csv
[2022-10-28 04:00:44 PM] INFO -- : ## No existe path ../data/sucursales/josé_c._paz_sucursales.csv
[2022-10-28 04:00:44 PM] INFO -- : ## No existe path ../data/sucursales/quilmes_sucursales.csv
[2022-10-28 04:00:44 PM] INFO -- : ## No existe path ../data/sucursales/pilar_sucursales.csv
[2022-10-28 04:10:31 PM] INFO -- : ## START get_producto_data - id
[2022-10-28 04:10:31 PM] INFO -- : ## No existe path ../data/sucursales/posadas-27.36708_sucursales.csv
[2022-10-28 04:10:31 PM] INFO -- : ## No existe path ../data/sucursales/san_salvador_de_jujuy_sucursales.csv
[2022-10-28 04:10:31 PM] INFO -- : ## No existe path ../data/sucursales/bahía_blanca_sucursales.csv
[2022-10-28 04:10:31 PM] INFO -- : ## No existe path ../data/sucursales/paraná_sucursales.csv
[2022-10-28 04:10:31 PM] INFO -- : ## No existe path ../data/sucursales/merlo_sucursales.csv
[2022-10-28 04:10:31 PM] INFO -- : ## No existe path ../data/sucursales/josé_c._paz_sucursales.csv
[2022-10-28 04:10:31 PM] INFO -- : ## No existe path ../data/sucursales/quilmes_sucursales.csv
[2022-10-28 04:10:31 PM] INFO -- : ## No existe path ../data/sucursales/pilar_sucursales.csv
[2022-10-28 04:11:02 PM] INFO -- : ## START get_producto_data - id
[2022-10-28 04:11:02 PM] INFO -- : ## No existe path ../data/sucursales/posadas-27.36708_sucursales.csv
[2022-10-28 04:11:02 PM] INFO -- : ## No existe path ../data/sucursales/san_salvador_de_jujuy_sucursales.csv
[2022-10-28 04:11:02 PM] INFO -- : ## No existe path ../data/sucursales/bahía_blanca_sucursales.csv
[2022-10-28 04:11:02 PM] INFO -- : ## No existe path ../data/sucursales/paraná_sucursales.csv
[2022-10-28 04:11:02 PM] INFO -- : ## No existe path ../data/sucursales/merlo_sucursales.csv
[2022-10-28 04:11:02 PM] INFO -- : ## No existe path ../data/sucursales/josé_c._paz_sucursales.csv
[2022-10-28 04:11:02 PM] INFO -- : ## No existe path ../data/sucursales/quilmes_sucursales.csv
[2022-10-28 04:11:02 PM] INFO -- : ## No existe path ../data/sucursales/pilar_sucursales.csv
[2022-10-28 04:11:50 PM] INFO -- : ## START get_producto_data - id
[2022-10-28 04:11:50 PM] INFO -- : ## No existe path ../data/sucursales/posadas-27.36708_sucursales.csv
[2022-10-28 04:11:50 PM] INFO -- : ## No existe path ../data/sucursales/san_salvador_de_jujuy_sucursales.csv
[2022-10-28 04:11:50 PM] INFO -- : ## No existe path ../data/sucursales/bahía_blanca_sucursales.csv
[2022-10-28 04:11:50 PM] INFO -- : ## No existe path ../data/sucursales/paraná_sucursales.csv
[2022-10-28 04:11:50 PM] INFO -- : ## No existe path ../data/sucursales/merlo_sucursales.csv
[2022-10-28 04:11:50 PM] INFO -- : ## No existe path ../data/sucursales/josé_c._paz_sucursales.csv
[2022-10-28 04:11:50 PM] INFO -- : ## No existe path ../data/sucursales/quilmes_sucursales.csv
[2022-10-28 04:11:50 PM] INFO -- : ## No existe path ../data/sucursales/pilar_sucursales.csv
[2022-10-28 04:12:26 PM] INFO -- : ## START get_producto_data - id
[2022-10-28 04:12:26 PM] INFO -- : ## No existe path ../data/sucursales/posadas-27.36708_sucursales.csv
[2022-10-28 04:12:26 PM] INFO -- : ## No existe path ../data/sucursales/san_salvador_de_jujuy_sucursales.csv
[2022-10-28 04:12:26 PM] INFO -- : ## No existe path ../data/sucursales/bahía_blanca_sucursales.csv
[2022-10-28 04:12:26 PM] INFO -- : ## No existe path ../data/sucursales/paraná_sucursales.csv
[2022-10-28 04:12:26 PM] INFO -- : ## No existe path ../data/sucursales/merlo_sucursales.csv
[2022-10-28 04:12:26 PM] INFO -- : ## No existe path ../data/sucursales/josé_c._paz_sucursales.csv
[2022-10-28 04:12:26 PM] INFO -- : ## No existe path ../data/sucursales/quilmes_sucursales.csv
[2022-10-28 04:12:26 PM] INFO -- : ## No existe path ../data/sucursales/pilar_sucursales.csv
[2022-10-28 04:12:37 PM] INFO -- : ## START get_producto_data - id
[2022-10-28 04:12:37 PM] INFO -- : ## No existe path ../data/sucursales/posadas-27.36708_sucursales.csv
[2022-10-28 04:12:37 PM] INFO -- : ## No existe path ../data/sucursales/san_salvador_de_jujuy_sucursales.csv
[2022-10-28 04:12:37 PM] INFO -- : ## No existe path ../data/sucursales/bahía_blanca_sucursales.csv
[2022-10-28 04:12:37 PM] INFO -- : ## No existe path ../data/sucursales/paraná_sucursales.csv
[2022-10-28 04:12:37 PM] INFO -- : ## No existe path ../data/sucursales/merlo_sucursales.csv
[2022-10-28 04:12:37 PM] INFO -- : ## No existe path ../data/sucursales/josé_c._paz_sucursales.csv
[2022-10-28 04:12:37 PM] INFO -- : ## No existe path ../data/sucursales/quilmes_sucursales.csv
[2022-10-28 04:12:37 PM] INFO -- : ## No existe path ../data/sucursales/pilar_sucursales.csv
[2022-10-28 04:13:09 PM] INFO -- : ## START get_producto_data - id
[2022-10-28 04:13:10 PM] INFO -- : ## No existe path ../data/sucursales/posadas-27.36708_sucursales.csv
[2022-10-28 04:13:10 PM] INFO -- : ## No existe path ../data/sucursales/san_salvador_de_jujuy_sucursales.csv
[2022-10-28 04:13:10 PM] INFO -- : ## No existe path ../data/sucursales/bahía_blanca_sucursales.csv
[2022-10-28 04:13:10 PM] INFO -- : ## No existe path ../data/sucursales/paraná_sucursales.csv
[2022-10-28 04:13:10 PM] INFO -- : ## No existe path ../data/sucursales/merlo_sucursales.csv
[2022-10-28 04:13:10 PM] INFO -- : ## No existe path ../data/sucursales/josé_c._paz_sucursales.csv
[2022-10-28 04:13:10 PM] INFO -- : ## No existe path ../data/sucursales/quilmes_sucursales.csv
[2022-10-28 04:13:10 PM] INFO -- : ## No existe path ../data/sucursales/pilar_sucursales.csv
[2022-10-28 04:13:20 PM] INFO -- : ## START get_producto_data - id
[2022-10-28 04:13:20 PM] INFO -- : ## No existe path ../data/sucursales/posadas-27.36708_sucursales.csv
[2022-10-28 04:13:20 PM] INFO -- : ## No existe path ../data/sucursales/san_salvador_de_jujuy_sucursales.csv
[2022-10-28 04:13:20 PM] INFO -- : ## No existe path ../data/sucursales/bahía_blanca_sucursales.csv
[2022-10-28 04:13:20 PM] INFO -- : ## No existe path ../data/sucursales/paraná_sucursales.csv
[2022-10-28 04:13:20 PM] INFO -- : ## No existe path ../data/sucursales/merlo_sucursales.csv
[2022-10-28 04:13:20 PM] INFO -- : ## No existe path ../data/sucursales/josé_c._paz_sucursales.csv
[2022-10-28 04:13:20 PM] INFO -- : ## No existe path ../data/sucursales/quilmes_sucursales.csv
[2022-10-28 04:13:20 PM] INFO -- : ## No existe path ../data/sucursales/pilar_sucursales.csv
[2022-10-28 04:14:16 PM] INFO -- : ## START get_producto_data - id
[2022-10-28 04:14:16 PM] INFO -- : ## No existe path ../data/sucursales/posadas-27.36708_sucursales.csv
[2022-10-28 04:14:16 PM] INFO -- : ## No existe path ../data/sucursales/san_salvador_de_jujuy_sucursales.csv
[2022-10-28 04:14:16 PM] INFO -- : ## No existe path ../data/sucursales/bahía_blanca_sucursales.csv
[2022-10-28 04:14:16 PM] INFO -- : ## No existe path ../data/sucursales/paraná_sucursales.csv
[2022-10-28 04:14:16 PM] INFO -- : ## No existe path ../data/sucursales/merlo_sucursales.csv
[2022-10-28 04:14:16 PM] INFO -- : ## No existe path ../data/sucursales/josé_c._paz_sucursales.csv
[2022-10-28 04:14:16 PM] INFO -- : ## No existe path ../data/sucursales/quilmes_sucursales.csv
[2022-10-28 04:14:16 PM] INFO -- : ## No existe path ../data/sucursales/pilar_sucursales.csv
[2022-10-28 04:14:56 PM] INFO -- : ## START get_producto_data - id
[2022-10-28 04:14:56 PM] INFO -- : ## No existe path ../data/sucursales/posadas-27.36708_sucursales.csv
[2022-10-28 04:14:56 PM] INFO -- : ## No existe path ../data/sucursales/san_salvador_de_jujuy_sucursales.csv
[2022-10-28 04:14:56 PM] INFO -- : ## No existe path ../data/sucursales/bahía_blanca_sucursales.csv
[2022-10-28 04:14:56 PM] INFO -- : ## No existe path ../data/sucursales/paraná_sucursales.csv
[2022-10-28 04:14:56 PM] INFO -- : ## No existe path ../data/sucursales/merlo_sucursales.csv
[2022-10-28 04:14:56 PM] INFO -- : ## No existe path ../data/sucursales/josé_c._paz_sucursales.csv
[2022-10-28 04:14:56 PM] INFO -- : ## No existe path ../data/sucursales/quilmes_sucursales.csv
[2022-10-28 04:14:56 PM] INFO -- : ## No existe path ../data/sucursales/pilar_sucursales.csv
[2022-10-28 04:15:10 PM] INFO -- : ## START get_producto_data - id
[2022-10-28 04:15:10 PM] INFO -- : ## No existe path ../data/sucursales/posadas-27.36708_sucursales.csv
[2022-10-28 04:15:10 PM] INFO -- : ## No existe path ../data/sucursales/san_salvador_de_jujuy_sucursales.csv
[2022-10-28 04:15:10 PM] INFO -- : ## No existe path ../data/sucursales/bahía_blanca_sucursales.csv
[2022-10-28 04:15:10 PM] INFO -- : ## No existe path ../data/sucursales/paraná_sucursales.csv
[2022-10-28 04:15:10 PM] INFO -- : ## No existe path ../data/sucursales/merlo_sucursales.csv
[2022-10-28 04:15:10 PM] INFO -- : ## No existe path ../data/sucursales/josé_c._paz_sucursales.csv
[2022-10-28 04:15:10 PM] INFO -- : ## No existe path ../data/sucursales/quilmes_sucursales.csv
[2022-10-28 04:15:10 PM] INFO -- : ## No existe path ../data/sucursales/pilar_sucursales.csv
[2022-10-28 04:15:41 PM] INFO -- : ## START get_producto_data - id
[2022-10-28 04:15:41 PM] INFO -- : ## No existe path ../data/sucursales/posadas-27.36708_sucursales.csv
[2022-10-28 04:15:41 PM] INFO -- : ## No existe path ../data/sucursales/san_salvador_de_jujuy_sucursales.csv
[2022-10-28 04:15:41 PM] INFO -- : ## No existe path ../data/sucursales/bahía_blanca_sucursales.csv
[2022-10-28 04:15:41 PM] INFO -- : ## No existe path ../data/sucursales/paraná_sucursales.csv
[2022-10-28 04:15:41 PM] INFO -- : ## No existe path ../data/sucursales/merlo_sucursales.csv
[2022-10-28 04:15:41 PM] INFO -- : ## No existe path ../data/sucursales/josé_c._paz_sucursales.csv
[2022-10-28 04:15:41 PM] INFO -- : ## No existe path ../data/sucursales/quilmes_sucursales.csv
[2022-10-28 04:15:41 PM] INFO -- : ## No existe path ../data/sucursales/pilar_sucursales.csv
[2022-10-28 04:16:34 PM] INFO -- : ## START get_producto_data - id
[2022-10-28 04:16:34 PM] INFO -- : ## END get_producto_data - id
[2022-10-28 04:16:34 PM] INFO -- : ## START get_producto_data - 7790387013627
[2022-10-28 04:16:35 PM] INFO -- : ## Producto no encontrado
[2022-10-28 04:16:35 PM] INFO -- : ## END get_producto_data - 7790387013627
[2022-10-28 04:16:35 PM] INFO -- : ## START get_producto_data - 7790387015607
[2022-10-28 04:16:36 PM] INFO -- : ## Producto no encontrado
[2022-10-28 04:16:36 PM] INFO -- : ## END get_producto_data - 7790387015607
[2022-10-28 04:16:36 PM] INFO -- : ## START get_producto_data - 7790387013504
[2022-10-28 04:16:37 PM] INFO -- : ## Producto no encontrado
[2022-10-28 04:16:37 PM] INFO -- : ## END get_producto_data - 7790387013504
[2022-10-28 04:16:37 PM] INFO -- : ## START get_producto_data - 7793704000911
[2022-10-28 04:16:38 PM] INFO -- : ## Producto no encontrado
[2022-10-28 04:16:38 PM] INFO -- : ## END get_producto_data - 7793704000911
[2022-10-28 04:16:38 PM] INFO -- : ## START get_producto_data - 7790387014624
[2022-10-28 04:16:39 PM] INFO -- : ## Producto no encontrado
[2022-10-28 04:16:39 PM] INFO -- : ## END get_producto_data - 7790387014624
[2022-10-28 04:16:39 PM] INFO -- : ## START get_producto_data - 7790387800050
[2022-10-28 04:19:53 PM] INFO -- : ## START get_producto_data - id
[2022-10-28 04:19:53 PM] INFO -- : ## END get_producto_data - id
[2022-10-28 04:19:53 PM] INFO -- : ## START get_producto_data - 7790387013627
[2022-10-28 04:19:54 PM] INFO -- : ## Producto no encontrado
[2022-10-28 04:19:54 PM] INFO -- : ## END get_producto_data - 7790387013627
[2022-10-28 04:19:54 PM] INFO -- : ## START get_producto_data - 7790387015607
[2022-10-28 04:19:55 PM] INFO -- : ## Producto no encontrado
[2022-10-28 04:19:55 PM] INFO -- : ## END get_producto_data - 7790387015607
[2022-10-28 04:19:55 PM] INFO -- : ## START get_producto_data - 7790387013504
[2022-10-28 04:19:55 PM] INFO -- : ## Producto no encontrado
[2022-10-28 04:19:55 PM] INFO -- : ## END get_producto_data - 7790387013504
[2022-10-28 04:19:55 PM] INFO -- : ## START get_producto_data - 7793704000911
[2022-10-28 04:35:23 PM] INFO -- : ## START get_producto_data - id
[2022-10-28 04:35:23 PM] INFO -- : ## END get_producto_data - id
[2022-10-28 04:35:23 PM] INFO -- : ## START get_producto_data - 7790387013627
[2022-10-28 04:35:24 PM] INFO -- : ## Producto no encontrado
[2022-10-28 04:35:24 PM] INFO -- : ## END get_producto_data - 7790387013627
[2022-10-28 04:35:24 PM] INFO -- : ## START get_producto_data - 7790387015607
[2022-10-28 04:35:25 PM] INFO -- : ## Producto no encontrado
[2022-10-28 04:35:25 PM] INFO -- : ## END get_producto_data - 7790387015607
[2022-10-28 04:35:25 PM] INFO -- : ## START get_producto_data - 7790387013504
[2022-10-28 04:35:57 PM] INFO -- : ## START get_producto_data - id
[2022-10-28 04:35:57 PM] INFO -- : ## END get_producto_data - id
[2022-10-28 04:35:57 PM] INFO -- : ## START get_producto_data - 7790387013627
[2022-10-28 04:35:58 PM] INFO -- : ## Producto no encontrado
[2022-10-28 04:35:58 PM] INFO -- : ## END get_producto_data - 7790387013627
[2022-10-28 04:35:58 PM] INFO -- : ## START get_producto_data - 7790387015607
[2022-10-28 04:35:59 PM] INFO -- : ## Producto no encontrado
[2022-10-28 04:35:59 PM] INFO -- : ## END get_producto_data - 7790387015607
[2022-10-28 04:35:59 PM] INFO -- : ## START get_producto_data - 7790387013504
[2022-10-28 04:36:00 PM] INFO -- : ## Producto no encontrado
[2022-10-28 04:36:00 PM] INFO -- : ## END get_producto_data - 7790387013504
[2022-10-28 04:36:00 PM] INFO -- : ## START get_producto_data - 7793704000911
