[2022-11-02 10:18:29 AM] INFO -- : ## START get_sucursales_para_ciudad
[2022-11-02 10:18:29 AM] INFO -- : => Obteniendo sucursales de Buenos Aires
[2022-11-02 10:18:29 AM] INFO -- : => Pagina 0/90
[2022-11-02 10:18:34 AM] INFO -- : => Pagina 10/90
[2022-11-02 10:18:39 AM] INFO -- : => Pagina 20/90
[2022-11-02 10:18:44 AM] INFO -- : => Pagina 30/90
[2022-11-02 10:18:48 AM] INFO -- : => Pagina 40/90
[2022-11-02 10:18:54 AM] INFO -- : => Pagina 50/90
[2022-11-02 10:18:58 AM] INFO -- : => Pagina 60/90
[2022-11-02 10:19:03 AM] INFO -- : => Pagina 70/90
[2022-11-02 10:19:07 AM] INFO -- : => Pagina 80/90
[2022-11-02 10:19:12 AM] INFO -- : ## END get_sucursales_para_ciudad
[2022-11-02 10:19:12 AM] INFO -- : ## START get_sucursales_para_ciudad
[2022-11-02 10:19:12 AM] INFO -- : => Obteniendo sucursales de Córdoba
[2022-11-02 10:19:12 AM] INFO -- : => Pagina 0/90
[2022-11-02 10:19:17 AM] INFO -- : => Pagina 10/90
[2022-11-02 10:19:22 AM] INFO -- : => Pagina 20/90
[2022-11-02 10:19:27 AM] INFO -- : => Pagina 30/90
[2022-11-02 10:19:32 AM] INFO -- : => Pagina 40/90
[2022-11-02 10:19:37 AM] INFO -- : => Pagina 50/90
[2022-11-02 10:19:42 AM] INFO -- : => Pagina 60/90
[2022-11-02 10:19:48 AM] INFO -- : => Pagina 70/90
[2022-11-02 10:19:53 AM] INFO -- : => Pagina 80/90
[2022-11-02 10:19:57 AM] INFO -- : ## END get_sucursales_para_ciudad
[2022-11-02 10:19:57 AM] INFO -- : ## START get_sucursales_para_ciudad
[2022-11-02 10:19:57 AM] INFO -- : => Obteniendo sucursales de Rosario
[2022-11-02 10:19:58 AM] INFO -- : => Pagina 0/90
[2022-11-02 10:20:02 AM] INFO -- : => Pagina 10/90
[2022-11-02 10:20:06 AM] INFO -- : => Pagina 20/90
[2022-11-02 10:20:12 AM] INFO -- : => Pagina 30/90
[2022-11-02 10:20:17 AM] INFO -- : => Pagina 40/90
[2022-11-02 10:20:22 AM] INFO -- : => Pagina 50/90
[2022-11-02 10:20:27 AM] INFO -- : => Pagina 60/90
[2022-11-02 10:20:32 AM] INFO -- : => Pagina 70/90
[2022-11-02 10:20:38 AM] INFO -- : => Pagina 80/90
[2022-11-02 10:20:42 AM] INFO -- : ## END get_sucursales_para_ciudad
[2022-11-02 10:20:42 AM] INFO -- : ## START get_sucursales_para_ciudad
[2022-11-02 10:20:42 AM] INFO -- : => Obteniendo sucursales de Mendoza
[2022-11-02 10:20:43 AM] INFO -- : => Pagina 0/90
[2022-11-02 10:20:47 AM] INFO -- : => Pagina 10/90
[2022-11-02 10:20:51 AM] INFO -- : => Pagina 20/90
[2022-11-02 10:20:56 AM] INFO -- : => Pagina 30/90
[2022-11-02 10:21:01 AM] INFO -- : => Pagina 40/90
[2022-11-02 10:21:05 AM] INFO -- : => Pagina 50/90
[2022-11-02 10:21:10 AM] INFO -- : => Pagina 60/90
[2022-11-02 10:21:16 AM] INFO -- : => Pagina 70/90
[2022-11-02 10:21:22 AM] INFO -- : => Pagina 80/90
[2022-11-02 10:21:28 AM] INFO -- : ## END get_sucursales_para_ciudad
[2022-11-02 10:21:28 AM] INFO -- : ## START get_sucursales_para_ciudad
[2022-11-02 10:21:28 AM] INFO -- : => Obteniendo sucursales de San Miguel de Tucumán
[2022-11-02 10:21:28 AM] INFO -- : => Pagina 0/90
[2022-11-02 10:21:33 AM] INFO -- : => Pagina 10/90
[2022-11-02 10:21:37 AM] INFO -- : => Pagina 20/90
[2022-11-02 10:21:42 AM] INFO -- : => Pagina 30/90
[2022-11-02 10:21:45 AM] INFO -- : => Pagina 40/90
[2022-11-02 10:21:50 AM] INFO -- : => Pagina 50/90
[2022-11-02 10:21:54 AM] INFO -- : => Pagina 60/90
[2022-11-02 10:21:59 AM] INFO -- : => Pagina 70/90
[2022-11-02 10:22:05 AM] INFO -- : => Pagina 80/90
[2022-11-02 10:22:09 AM] INFO -- : ## END get_sucursales_para_ciudad
[2022-11-02 10:22:09 AM] INFO -- : ## START get_sucursales_para_ciudad
[2022-11-02 10:22:09 AM] INFO -- : => Obteniendo sucursales de La Plata
[2022-11-02 10:22:10 AM] INFO -- : => Pagina 0/90
[2022-11-02 10:22:15 AM] INFO -- : => Pagina 10/90
[2022-11-02 10:22:20 AM] INFO -- : => Pagina 20/90
[2022-11-02 10:25:18 AM] INFO -- : ## START get_sucursales_para_ciudad
[2022-11-02 10:25:18 AM] INFO -- : => Obteniendo sucursales de La Plata
[2022-11-02 10:25:24 AM] INFO -- : => Pagina 0/90
[2022-11-02 10:25:29 AM] INFO -- : => Pagina 10/90
[2022-11-02 10:25:34 AM] INFO -- : => Pagina 20/90
[2022-11-02 10:25:38 AM] INFO -- : => Pagina 30/90
[2022-11-02 10:25:43 AM] INFO -- : => Pagina 40/90
[2022-11-02 10:25:48 AM] INFO -- : => Pagina 50/90
[2022-11-02 10:25:52 AM] INFO -- : => Pagina 60/90
[2022-11-02 10:25:58 AM] INFO -- : => Pagina 70/90
[2022-11-02 10:26:04 AM] INFO -- : => Pagina 80/90
[2022-11-02 10:26:09 AM] INFO -- : ## END get_sucursales_para_ciudad
[2022-11-02 10:29:54 AM] INFO -- : ## START get_sucursales_para_ciudad
[2022-11-02 10:29:54 AM] INFO -- : => Obteniendo sucursales de Mar del Plata
[2022-11-02 10:29:56 AM] INFO -- : => Pagina 0/90
[2022-11-02 10:30:00 AM] INFO -- : => Pagina 10/90
[2022-11-02 10:30:05 AM] INFO -- : => Pagina 20/90
[2022-11-02 10:30:11 AM] INFO -- : => Pagina 30/90
[2022-11-02 10:30:14 AM] INFO -- : => Pagina 40/90
[2022-11-02 10:30:20 AM] INFO -- : => Pagina 50/90
[2022-11-02 10:30:24 AM] INFO -- : => Pagina 60/90
[2022-11-02 10:30:29 AM] INFO -- : => Pagina 70/90
[2022-11-02 10:30:34 AM] INFO -- : => Pagina 80/90
[2022-11-02 10:30:38 AM] INFO -- : ## END get_sucursales_para_ciudad
[2022-11-02 10:30:38 AM] INFO -- : ## START get_sucursales_para_ciudad
[2022-11-02 10:30:38 AM] INFO -- : => Obteniendo sucursales de Salta
[2022-11-02 10:30:38 AM] INFO -- : => Pagina 0/90
[2022-11-02 10:30:43 AM] INFO -- : => Pagina 10/90
